<?xml version="1.0" encoding="UTF-8"?>
<!-- Generated by org.testng.reporters.JUnitXMLReporter -->
<testsuite ignored="9" hostname="DESKTOP-3CSQIQH" failures="0" tests="10" name="Default test" time="214.945" errors="0" timestamp="2025-09-08T19:22:58 IST">
  <testcase classname="Whippets.com.Admin.Customer_Module" name="customer_add" time="23.249"/>
  <testcase classname="Whippets.com.Admin.Customer_Module" name="customer_add" time="17.9"/>
  <testcase classname="Whippets.com.Admin.Customer_Module" name="customer_add" time="18.033"/>
  <testcase classname="Whippets.com.Admin.Customer_Module" name="customer_add" time="26.896"/>
  <testcase classname="Whippets.com.Admin.Customer_Module" name="customer_add" time="18.299"/>
  <testcase classname="Whippets.com.Admin.Customer_Module" name="customer_add" time="18.137"/>
  <testcase classname="Whippets.com.Admin.Customer_Module" name="customer_add" time="17.649"/>
  <testcase classname="Whippets.com.Admin.Customer_Module" name="customer_add" time="23.053"/>
  <testcase classname="Whippets.com.Admin.Customer_Module" name="customer_add" time="17.695"/>
  <testcase classname="Whippets.com.Admin.Customer_Module" name="customer_add" time="22.842"/>
  <testcase classname="Whippets.com.Admin.Product_module" name="Duplicate_value_checker" time="0.0">
    <ignored/>
  </testcase> <!-- Duplicate_value_checker -->
  <testcase classname="Whippets.com.Admin.Customer_Module" name="customer_List_Data_Collector" time="0.0">
    <ignored/>
  </testcase> <!-- customer_List_Data_Collector -->
  <testcase classname="Whippets.com.Admin.Product_module" name="product_delete" time="0.0">
    <ignored/>
  </testcase> <!-- product_delete -->
  <testcase classname="Whippets.com.Admin.Product_module" name="Added_Product_search_and_delete" time="0.0">
    <ignored/>
  </testcase> <!-- Added_Product_search_and_delete -->
  <testcase classname="Whippets.com.Admin.Product_module" name="product_list_count_Check_with_Dashboard" time="0.0">
    <ignored/>
  </testcase> <!-- product_list_count_Check_with_Dashboard -->
  <testcase classname="Whippets.com.Admin.Customer_Module" name="customer_list_Accessor" time="0.0">
    <ignored/>
  </testcase> <!-- customer_list_Accessor -->
  <testcase classname="Whippets.com.Admin.Side_Menu_options_Accessor" name="side_menu" time="0.0">
    <ignored/>
  </testcase> <!-- side_menu -->
  <testcase classname="Whippets.com.Admin.Product_module" name="Product_Add" time="0.0">
    <ignored/>
  </testcase> <!-- Product_Add -->
  <testcase classname="Whippets.com.Admin.Product_module" name="Product_list_Accessor" time="0.0">
    <ignored/>
  </testcase> <!-- Product_list_Accessor -->
</testsuite> <!-- Default test -->
