<?xml version="1.0" encoding="UTF-8"?>
<!-- Generated by org.testng.reporters.JUnitXMLReporter -->
<testsuite ignored="10" hostname="DESKTOP-3CSQIQH" failures="0" tests="1" name="Default test" time="16.606" errors="0" timestamp="2025-10-07T18:08:13 IST">
  <testcase classname="Whippets.com.Admin.Orders_Module" name="Driver_assigning_to_order" time="14.314"/>
  <testcase classname="Whippets.com.Admin.Orders_Module" name="order_list_accessor" time="0.0">
    <ignored/>
  </testcase> <!-- order_list_accessor -->
  <testcase classname="Whippets.com.Admin.Product_module" name="Duplicate_value_checker" time="0.0">
    <ignored/>
  </testcase> <!-- Duplicate_value_checker -->
  <testcase classname="Whippets.com.Admin.Product_module" name="Product_list_Accessor" time="0.0">
    <ignored/>
  </testcase> <!-- Product_list_Accessor -->
  <testcase classname="Whippets.com.Admin.Orders_Module" name="order_list_data_collector" time="0.0">
    <ignored/>
  </testcase> <!-- order_list_data_collector -->
  <testcase classname="Whippets.com.Admin.Side_Menu_options_Accessor" name="side_menu" time="0.0">
    <ignored/>
  </testcase> <!-- side_menu -->
  <testcase classname="Whippets.com.Admin.Product_module" name="product_list_count_Check_with_Dashboard" time="0.0">
    <ignored/>
  </testcase> <!-- product_list_count_Check_with_Dashboard -->
  <testcase classname="Whippets.com.Admin.Product_module" name="product_Edit" time="0.0">
    <ignored/>
  </testcase> <!-- product_Edit -->
  <testcase classname="Whippets.com.Admin.Product_module" name="Added_Product_search_and_delete" time="0.0">
    <ignored/>
  </testcase> <!-- Added_Product_search_and_delete -->
  <testcase classname="Whippets.com.Admin.Product_module" name="Product_Add" time="0.0">
    <ignored/>
  </testcase> <!-- Product_Add -->
  <testcase classname="Whippets.com.Admin.Product_module" name="product_delete" time="0.0">
    <ignored/>
  </testcase> <!-- product_delete -->
</testsuite> <!-- Default test -->
