<?xml version="1.0" encoding="UTF-8"?>
<!-- Generated by org.testng.reporters.JUnitXMLReporter -->
<testsuite ignored="5" hostname="DESKTOP-3CSQIQH" failures="0" tests="5" name="Test" time="62.435" errors="0" timestamp="2025-09-04T19:36:41 IST">
  <testcase classname="Whippets.com.Admin.Product_module" name="Product_Add" time="13.085"/>
  <testcase classname="Whippets.com.Admin.Product_module" name="Product_Add" time="12.542"/>
  <testcase classname="Whippets.com.Admin.Product_module" name="Product_Add" time="12.518"/>
  <testcase classname="Whippets.com.Admin.Product_module" name="Product_Add" time="12.637"/>
  <testcase classname="Whippets.com.Admin.Product_module" name="Duplicate_value_checker" time="5.667"/>
  <testcase classname="Whippets.com.Admin.Product_module" name="product_delete" time="0.0">
    <ignored/>
  </testcase> <!-- product_delete -->
  <testcase classname="Whippets.com.Admin.Product_module" name="Added_Product_search_and_delete" time="0.0">
    <ignored/>
  </testcase> <!-- Added_Product_search_and_delete -->
  <testcase classname="Whippets.com.Admin.Product_module" name="Product_list_Accessor" time="0.0">
    <ignored/>
  </testcase> <!-- Product_list_Accessor -->
  <testcase classname="Whippets.com.Admin.Side_Menu_options_Accessor" name="side_menu" time="0.0">
    <ignored/>
  </testcase> <!-- side_menu -->
  <testcase classname="Whippets.com.Admin.Product_module" name="product_list_count_Check_with_Dashboard" time="0.0">
    <ignored/>
  </testcase> <!-- product_list_count_Check_with_Dashboard -->
</testsuite> <!-- Test -->
