<?xml version="1.0" encoding="UTF-8"?>
<!-- Generated by org.testng.reporters.JUnitXMLReporter -->
<testsuite ignored="10" hostname="DESKTOP-3CSQIQH" failures="0" tests="20" name="Test" time="1767.657" errors="0" timestamp="2025-09-17T13:22:36 IST">
  <testcase classname="Whippets.com.Admin.Customer_Module" name="customer_add" time="130.809"/>
  <testcase classname="Whippets.com.Admin.Customer_Module" name="customer_add" time="79.992"/>
  <testcase classname="Whippets.com.Admin.Customer_Module" name="customer_add" time="83.612"/>
  <testcase classname="Whippets.com.Admin.Customer_Module" name="customer_add" time="76.926"/>
  <testcase classname="Whippets.com.Admin.Customer_Module" name="customer_add" time="81.705"/>
  <testcase classname="Whippets.com.Admin.Customer_Module" name="customer_add" time="90.671"/>
  <testcase classname="Whippets.com.Admin.Customer_Module" name="customer_add" time="80.717"/>
  <testcase classname="Whippets.com.Admin.Customer_Module" name="customer_add" time="85.192"/>
  <testcase classname="Whippets.com.Admin.Customer_Module" name="customer_add" time="83.026"/>
  <testcase classname="Whippets.com.Admin.Customer_Module" name="customer_add" time="86.043"/>
  <testcase classname="Whippets.com.Admin.Customer_Module" name="customer_edit_check" time="83.002"/>
  <testcase classname="Whippets.com.Admin.Customer_Module" name="customer_edit_check" time="83.712"/>
  <testcase classname="Whippets.com.Admin.Customer_Module" name="customer_edit_check" time="92.621"/>
  <testcase classname="Whippets.com.Admin.Customer_Module" name="customer_edit_check" time="92.471"/>
  <testcase classname="Whippets.com.Admin.Customer_Module" name="customer_edit_check" time="93.035"/>
  <testcase classname="Whippets.com.Admin.Customer_Module" name="customer_edit_check" time="90.728"/>
  <testcase classname="Whippets.com.Admin.Customer_Module" name="customer_edit_check" time="82.094"/>
  <testcase classname="Whippets.com.Admin.Customer_Module" name="customer_edit_check" time="84.847"/>
  <testcase classname="Whippets.com.Admin.Customer_Module" name="customer_edit_check" time="96.163"/>
  <testcase classname="Whippets.com.Admin.Customer_Module" name="customer_edit_check" time="61.36"/>
  <testcase classname="Whippets.com.Admin.Customer_Module" name="customer_list_Accessor" time="0.0">
    <ignored/>
  </testcase> <!-- customer_list_Accessor -->
  <testcase classname="Whippets.com.Admin.Product_module" name="Duplicate_value_checker" time="0.0">
    <ignored/>
  </testcase> <!-- Duplicate_value_checker -->
  <testcase classname="Whippets.com.Admin.Customer_Module" name="customer_List_Data_Collector" time="0.0">
    <ignored/>
  </testcase> <!-- customer_List_Data_Collector -->
  <testcase classname="Whippets.com.Admin.Product_module" name="Product_Add" time="0.0">
    <ignored/>
  </testcase> <!-- Product_Add -->
  <testcase classname="Whippets.com.Admin.Product_module" name="Product_list_Accessor" time="0.0">
    <ignored/>
  </testcase> <!-- Product_list_Accessor -->
  <testcase classname="Whippets.com.Admin.Customer_Module" name="added_customer_delete" time="0.0">
    <ignored/>
  </testcase> <!-- added_customer_delete -->
  <testcase classname="Whippets.com.Admin.Side_Menu_options_Accessor" name="side_menu" time="0.0">
    <ignored/>
  </testcase> <!-- side_menu -->
  <testcase classname="Whippets.com.Admin.Product_module" name="Added_Product_search_and_delete" time="0.0">
    <ignored/>
  </testcase> <!-- Added_Product_search_and_delete -->
  <testcase classname="Whippets.com.Admin.Product_module" name="product_list_count_Check_with_Dashboard" time="0.0">
    <ignored/>
  </testcase> <!-- product_list_count_Check_with_Dashboard -->
  <testcase classname="Whippets.com.Admin.Product_module" name="product_delete" time="0.0">
    <ignored/>
  </testcase> <!-- product_delete -->
</testsuite> <!-- Test -->
