<?xml version="1.0" encoding="UTF-8"?>
<testng-results ignored="7" total="13" passed="6" failed="0" skipped="0">
  <reporter-output>
  </reporter-output>
  <suite started-at="2025-10-08T16:30:50 IST" name="Default suite" finished-at="2025-10-08T16:33:33 IST" duration-ms="162813">
    <groups>
    </groups>
    <test started-at="2025-10-08T16:30:50 IST" name="Default test" finished-at="2025-10-08T16:33:33 IST" duration-ms="162813">
      <class name="Whippets.com.Admin.Product_module">
        <test-method is-config="true" signature="Setup()[pri:0, instance:Whippets.com.Admin.Product_module@7b02881e]" started-at="2025-10-08T16:30:50 IST" name="Setup" finished-at="2025-10-08T16:30:51 IST" duration-ms="1620" status="PASS">
          <reporter-output>
          </reporter-output>
        </test-method> <!-- Setup -->
        <test-method signature="Product_Add(java.util.TreeMap)[pri:0, instance:Whippets.com.Admin.Product_module@7b02881e]" started-at="2025-10-08T16:30:51 IST" name="Product_Add" data-provider="getProductData" finished-at="2025-10-08T16:31:17 IST" duration-ms="25839" status="PASS">
          <params>
            <param index="0">
              <value>
                <![CDATA[{Discount %=, Discount Price (AUD)=11.00, Discount Type=Fixed Discount, Image Path=C:\Users\PC-129\OneDrive\Documents\NetBeansProjects\Whippitz//ProductImages//Coconut Cream Breeze.png, Pack of=Pack of 6, Product Name=Whippitz N₂O Cylinder – Coconut Cream Breeze, Product Price (AUD)=158.00, Product Type=Group, Short Description=Silky coconut cream profile tailored for summer sundaes, pies, and tropical shakes., Stock=72}]]>
              </value>
            </param>
          </params>
          <reporter-output>
          </reporter-output>
        </test-method> <!-- Product_Add -->
        <test-method is-config="true" signature="Process_Kill()[pri:0, instance:Whippets.com.Admin.Product_module@7b02881e]" started-at="2025-10-08T16:31:17 IST" name="Process_Kill" finished-at="2025-10-08T16:31:17 IST" duration-ms="202" status="PASS">
          <reporter-output>
          </reporter-output>
        </test-method> <!-- Process_Kill -->
        <test-method is-config="true" signature="Setup()[pri:0, instance:Whippets.com.Admin.Product_module@7b02881e]" started-at="2025-10-08T16:31:17 IST" name="Setup" finished-at="2025-10-08T16:31:18 IST" duration-ms="849" status="PASS">
          <reporter-output>
          </reporter-output>
        </test-method> <!-- Setup -->
        <test-method signature="Product_Add(java.util.TreeMap)[pri:0, instance:Whippets.com.Admin.Product_module@7b02881e]" started-at="2025-10-08T16:31:18 IST" name="Product_Add" data-provider="getProductData" finished-at="2025-10-08T16:31:44 IST" duration-ms="26177" status="PASS">
          <params>
            <param index="0">
              <value>
                <![CDATA[{Discount %=12, Discount Price (AUD)=19.44, Discount Type=Percentage Discount, Image Path=C:\Users\PC-129\OneDrive\Documents\NetBeansProjects\Whippitz//ProductImages//Lemon Meringue Zest.png, Pack of=Pack of 8, Product Name=Whippitz N₂O Cylinder – Lemon Meringue Zest, Product Price (AUD)=162.00, Product Type=Group, Short Description=Bright lemon-vanilla balance ideal for tarts, pavlovas, and iced desserts., Stock=64}]]>
              </value>
            </param>
          </params>
          <reporter-output>
          </reporter-output>
        </test-method> <!-- Product_Add -->
        <test-method is-config="true" signature="Process_Kill()[pri:0, instance:Whippets.com.Admin.Product_module@7b02881e]" started-at="2025-10-08T16:31:44 IST" name="Process_Kill" finished-at="2025-10-08T16:31:45 IST" duration-ms="166" status="PASS">
          <reporter-output>
          </reporter-output>
        </test-method> <!-- Process_Kill -->
        <test-method is-config="true" signature="Setup()[pri:0, instance:Whippets.com.Admin.Product_module@7b02881e]" started-at="2025-10-08T16:31:45 IST" name="Setup" finished-at="2025-10-08T16:31:45 IST" duration-ms="875" status="PASS">
          <reporter-output>
          </reporter-output>
        </test-method> <!-- Setup -->
        <test-method signature="Product_Add(java.util.TreeMap)[pri:0, instance:Whippets.com.Admin.Product_module@7b02881e]" started-at="2025-10-08T16:31:45 IST" name="Product_Add" data-provider="getProductData" finished-at="2025-10-08T16:32:11 IST" duration-ms="25847" status="PASS">
          <params>
            <param index="0">
              <value>
                <![CDATA[{Discount %=, Discount Price (AUD)=9.00, Discount Type=Fixed Discount, Image Path=C:\Users\PC-129\OneDrive\Documents\NetBeansProjects\Whippitz//ProductImages//Cherry Cheesecake Dream.png, Pack of=Pack of 10, Product Name=Whippitz N₂O Cylinder – Cherry Cheesecake Dream, Product Price (AUD)=170.00, Product Type=Group, Short Description=Lush cherry notes layered over creamy cheesecake—made for patisseries and cafés., Stock=88}]]>
              </value>
            </param>
          </params>
          <reporter-output>
          </reporter-output>
        </test-method> <!-- Product_Add -->
        <test-method is-config="true" signature="Process_Kill()[pri:0, instance:Whippets.com.Admin.Product_module@7b02881e]" started-at="2025-10-08T16:32:11 IST" name="Process_Kill" finished-at="2025-10-08T16:32:12 IST" duration-ms="177" status="PASS">
          <reporter-output>
          </reporter-output>
        </test-method> <!-- Process_Kill -->
        <test-method is-config="true" signature="Setup()[pri:0, instance:Whippets.com.Admin.Product_module@7b02881e]" started-at="2025-10-08T16:32:12 IST" name="Setup" finished-at="2025-10-08T16:32:12 IST" duration-ms="816" status="PASS">
          <reporter-output>
          </reporter-output>
        </test-method> <!-- Setup -->
        <test-method signature="Product_Add(java.util.TreeMap)[pri:0, instance:Whippets.com.Admin.Product_module@7b02881e]" started-at="2025-10-08T16:32:12 IST" name="Product_Add" data-provider="getProductData" finished-at="2025-10-08T16:32:38 IST" duration-ms="25684" status="PASS">
          <params>
            <param index="0">
              <value>
                <![CDATA[{Discount %=15, Discount Price (AUD)=28.50, Discount Type=Percentage Discount, Image Path=C:\Users\PC-129\OneDrive\Documents\NetBeansProjects\Whippitz//ProductImages//Salted Caramel Crunch.png, Pack of=Pack of 12, Product Name=Whippitz N₂O Cylinder – Salted Caramel Crunch, Product Price (AUD)=190.00, Product Type=Group, Short Description=Decadent caramel with a subtle sea-salt finish—perfect for waffles and bakes., Stock=54}]]>
              </value>
            </param>
          </params>
          <reporter-output>
          </reporter-output>
        </test-method> <!-- Product_Add -->
        <test-method is-config="true" signature="Process_Kill()[pri:0, instance:Whippets.com.Admin.Product_module@7b02881e]" started-at="2025-10-08T16:32:38 IST" name="Process_Kill" finished-at="2025-10-08T16:32:38 IST" duration-ms="167" status="PASS">
          <reporter-output>
          </reporter-output>
        </test-method> <!-- Process_Kill -->
        <test-method is-config="true" signature="Setup()[pri:0, instance:Whippets.com.Admin.Product_module@7b02881e]" started-at="2025-10-08T16:32:38 IST" name="Setup" finished-at="2025-10-08T16:32:39 IST" duration-ms="874" status="PASS">
          <reporter-output>
          </reporter-output>
        </test-method> <!-- Setup -->
        <test-method signature="Product_Add(java.util.TreeMap)[pri:0, instance:Whippets.com.Admin.Product_module@7b02881e]" started-at="2025-10-08T16:32:39 IST" name="Product_Add" data-provider="getProductData" finished-at="2025-10-08T16:33:06 IST" duration-ms="27048" status="PASS">
          <params>
            <param index="0">
              <value>
                <![CDATA[{Discount %=, Discount Price (AUD)=10.00, Discount Type=Fixed Discount, Image Path=C:\Users\PC-129\OneDrive\Documents\NetBeansProjects\Whippitz//ProductImages//Matcha Green Velvet.png, Pack of=Pack of 6, Product Name=Whippitz N₂O Cylinder – Matcha Green Velvet, Product Price (AUD)=168.00, Product Type=Group, Short Description=Elegant matcha cream body for modern pastries, crepes, and beverage bars., Stock=76}]]>
              </value>
            </param>
          </params>
          <reporter-output>
          </reporter-output>
        </test-method> <!-- Product_Add -->
        <test-method is-config="true" signature="Process_Kill()[pri:0, instance:Whippets.com.Admin.Product_module@7b02881e]" started-at="2025-10-08T16:33:06 IST" name="Process_Kill" finished-at="2025-10-08T16:33:06 IST" duration-ms="159" status="PASS">
          <reporter-output>
          </reporter-output>
        </test-method> <!-- Process_Kill -->
        <test-method is-config="true" signature="Setup()[pri:0, instance:Whippets.com.Admin.Product_module@7b02881e]" started-at="2025-10-08T16:33:06 IST" name="Setup" finished-at="2025-10-08T16:33:07 IST" duration-ms="778" status="PASS">
          <reporter-output>
          </reporter-output>
        </test-method> <!-- Setup -->
        <test-method signature="Product_Add(java.util.TreeMap)[pri:0, instance:Whippets.com.Admin.Product_module@7b02881e]" started-at="2025-10-08T16:33:07 IST" name="Product_Add" data-provider="getProductData" finished-at="2025-10-08T16:33:32 IST" duration-ms="25291" status="PASS">
          <params>
            <param index="0">
              <value>
                <![CDATA[{Discount %=10, Discount Price (AUD)=17.20, Discount Type=Percentage Discount, Image Path=C:\Users\PC-129\OneDrive\Documents\NetBeansProjects\Whippitz//ProductImages//Blue Raspberry Glacier.png, Pack of=Pack of 8, Product Name=Whippitz N₂O Cylinder – Blue Raspberry Glacier, Product Price (AUD)=172.00, Product Type=Group, Short Description=Crisp blue-raspberry chill for frostings, frappes, and summer pop-ups., Stock=92}]]>
              </value>
            </param>
          </params>
          <reporter-output>
          </reporter-output>
        </test-method> <!-- Product_Add -->
        <test-method is-config="true" signature="Process_Kill()[pri:0, instance:Whippets.com.Admin.Product_module@7b02881e]" started-at="2025-10-08T16:33:32 IST" name="Process_Kill" finished-at="2025-10-08T16:33:33 IST" duration-ms="181" status="PASS">
          <reporter-output>
          </reporter-output>
        </test-method> <!-- Process_Kill -->
      </class> <!-- Whippets.com.Admin.Product_module -->
    </test> <!-- Default test -->
  </suite> <!-- Default suite -->
</testng-results>
