<?xml version="1.0" encoding="UTF-8"?>
<testng-results ignored="10" total="11" passed="1" failed="0" skipped="0">
  <reporter-output>
  </reporter-output>
  <suite started-at="2025-09-29T17:26:06 IST" name="Default suite" finished-at="2025-09-29T17:26:19 IST" duration-ms="12449">
    <groups>
    </groups>
    <test started-at="2025-09-29T17:26:06 IST" name="Default test" finished-at="2025-09-29T17:26:19 IST" duration-ms="12449">
      <class name="Whippets.com.Admin.Orders_Module">
        <test-method is-config="true" signature="Setup()[pri:0, instance:Whippets.com.Admin.Orders_Module@6e509ffa]" started-at="2025-09-29T17:26:06 IST" name="Setup" finished-at="2025-09-29T17:26:08 IST" duration-ms="1642" status="PASS">
          <reporter-output>
          </reporter-output>
        </test-method> <!-- Setup -->
        <test-method signature="Driver_assigning_to_order()[pri:0, instance:Whippets.com.Admin.Orders_Module@6e509ffa]" started-at="2025-09-29T17:26:08 IST" name="Driver_assigning_to_order" finished-at="2025-09-29T17:26:19 IST" duration-ms="10579" status="PASS">
          <reporter-output>
          </reporter-output>
        </test-method> <!-- Driver_assigning_to_order -->
        <test-method is-config="true" signature="Process_Kill()[pri:0, instance:Whippets.com.Admin.Orders_Module@6e509ffa]" started-at="2025-09-29T17:26:19 IST" name="Process_Kill" finished-at="2025-09-29T17:26:19 IST" duration-ms="186" status="PASS">
          <reporter-output>
          </reporter-output>
        </test-method> <!-- Process_Kill -->
      </class> <!-- Whippets.com.Admin.Orders_Module -->
    </test> <!-- Default test -->
  </suite> <!-- Default suite -->
</testng-results>
